{"C:\\Users\\Lenovo\\Desktop\\salonbooking\\frontend\\script.js": {"path":"C:\\Users\\Lenovo\\Desktop\\salonbooking\\frontend\\script.js","statementMap":{"0":{"start":{"line":1,"column":0},"end":{"line":155,"column":3}},"1":{"start":{"line":3,"column":26},"end":{"line":3,"column":68}},"2":{"start":{"line":4,"column":20},"end":{"line":4,"column":56}},"3":{"start":{"line":7,"column":2},"end":{"line":9,"column":3}},"4":{"start":{"line":8,"column":4},"end":{"line":8,"column":64}},"5":{"start":{"line":12,"column":2},"end":{"line":14,"column":3}},"6":{"start":{"line":13,"column":4},"end":{"line":13,"column":48}},"7":{"start":{"line":18,"column":4},"end":{"line":18,"column":27}},"8":{"start":{"line":20,"column":21},"end":{"line":20,"column":62}},"9":{"start":{"line":21,"column":21},"end":{"line":21,"column":62}},"10":{"start":{"line":24,"column":4},"end":{"line":27,"column":5}},"11":{"start":{"line":25,"column":6},"end":{"line":25,"column":45}},"12":{"start":{"line":26,"column":6},"end":{"line":26,"column":13}},"13":{"start":{"line":29,"column":4},"end":{"line":51,"column":5}},"14":{"start":{"line":30,"column":23},"end":{"line":36,"column":8}},"15":{"start":{"line":38,"column":19},"end":{"line":38,"column":40}},"16":{"start":{"line":40,"column":6},"end":{"line":47,"column":7}},"17":{"start":{"line":42,"column":8},"end":{"line":42,"column":50}},"18":{"start":{"line":43,"column":8},"end":{"line":43,"column":37}},"19":{"start":{"line":44,"column":8},"end":{"line":44,"column":44}},"20":{"start":{"line":46,"column":8},"end":{"line":46,"column":35}},"21":{"start":{"line":49,"column":6},"end":{"line":49,"column":43}},"22":{"start":{"line":50,"column":6},"end":{"line":50,"column":57}},"23":{"start":{"line":56,"column":4},"end":{"line":56,"column":27}},"24":{"start":{"line":58,"column":18},"end":{"line":58,"column":47}},"25":{"start":{"line":59,"column":4},"end":{"line":63,"column":5}},"26":{"start":{"line":60,"column":6},"end":{"line":60,"column":38}},"27":{"start":{"line":61,"column":6},"end":{"line":61,"column":42}},"28":{"start":{"line":62,"column":6},"end":{"line":62,"column":13}},"29":{"start":{"line":65,"column":20},"end":{"line":65,"column":60}},"30":{"start":{"line":66,"column":28},"end":{"line":66,"column":76}},"31":{"start":{"line":69,"column":4},"end":{"line":72,"column":5}},"32":{"start":{"line":70,"column":6},"end":{"line":70,"column":66}},"33":{"start":{"line":71,"column":6},"end":{"line":71,"column":13}},"34":{"start":{"line":74,"column":24},"end":{"line":77,"column":5}},"35":{"start":{"line":79,"column":4},"end":{"line":101,"column":5}},"36":{"start":{"line":80,"column":23},"end":{"line":87,"column":8}},"37":{"start":{"line":89,"column":19},"end":{"line":89,"column":40}},"38":{"start":{"line":91,"column":6},"end":{"line":97,"column":7}},"39":{"start":{"line":92,"column":8},"end":{"line":92,"column":52}},"40":{"start":{"line":94,"column":8},"end":{"line":94,"column":28}},"41":{"start":{"line":96,"column":8},"end":{"line":96,"column":66}},"42":{"start":{"line":99,"column":6},"end":{"line":99,"column":57}},"43":{"start":{"line":100,"column":6},"end":{"line":100,"column":57}},"44":{"start":{"line":106,"column":18},"end":{"line":106,"column":47}},"45":{"start":{"line":107,"column":4},"end":{"line":111,"column":5}},"46":{"start":{"line":108,"column":6},"end":{"line":108,"column":38}},"47":{"start":{"line":109,"column":6},"end":{"line":109,"column":42}},"48":{"start":{"line":110,"column":6},"end":{"line":110,"column":13}},"49":{"start":{"line":113,"column":4},"end":{"line":141,"column":5}},"50":{"start":{"line":114,"column":23},"end":{"line":120,"column":8}},"51":{"start":{"line":122,"column":19},"end":{"line":122,"column":40}},"52":{"start":{"line":124,"column":6},"end":{"line":137,"column":7}},"53":{"start":{"line":126,"column":33},"end":{"line":126,"column":76}},"54":{"start":{"line":127,"column":8},"end":{"line":127,"column":40}},"55":{"start":{"line":130,"column":8},"end":{"line":134,"column":11}},"56":{"start":{"line":131,"column":27},"end":{"line":131,"column":55}},"57":{"start":{"line":132,"column":10},"end":{"line":132,"column":137}},"58":{"start":{"line":133,"column":10},"end":{"line":133,"column":49}},"59":{"start":{"line":136,"column":8},"end":{"line":136,"column":68}},"60":{"start":{"line":139,"column":6},"end":{"line":139,"column":59}},"61":{"start":{"line":140,"column":6},"end":{"line":140,"column":57}},"62":{"start":{"line":146,"column":4},"end":{"line":146,"column":37}},"63":{"start":{"line":147,"column":4},"end":{"line":147,"column":40}},"64":{"start":{"line":148,"column":4},"end":{"line":148,"column":40}},"65":{"start":{"line":152,"column":2},"end":{"line":154,"column":3}},"66":{"start":{"line":153,"column":4},"end":{"line":153,"column":24}}},"fnMap":{"0":{"name":"(anonymous_0)","decl":{"start":{"line":1,"column":46},"end":{"line":1,"column":47}},"loc":{"start":{"line":1,"column":52},"end":{"line":155,"column":1}},"line":1},"1":{"name":"login","decl":{"start":{"line":17,"column":17},"end":{"line":17,"column":22}},"loc":{"start":{"line":17,"column":30},"end":{"line":52,"column":3}},"line":17},"2":{"name":"bookAppointment","decl":{"start":{"line":55,"column":17},"end":{"line":55,"column":32}},"loc":{"start":{"line":55,"column":40},"end":{"line":102,"column":3}},"line":55},"3":{"name":"fetchAppointments","decl":{"start":{"line":105,"column":17},"end":{"line":105,"column":34}},"loc":{"start":{"line":105,"column":37},"end":{"line":142,"column":3}},"line":105},"4":{"name":"(anonymous_4)","decl":{"start":{"line":130,"column":21},"end":{"line":130,"column":22}},"loc":{"start":{"line":130,"column":36},"end":{"line":134,"column":9}},"line":130},"5":{"name":"logout","decl":{"start":{"line":145,"column":11},"end":{"line":145,"column":17}},"loc":{"start":{"line":145,"column":20},"end":{"line":149,"column":3}},"line":145}},"branchMap":{"0":{"loc":{"start":{"line":7,"column":2},"end":{"line":9,"column":3}},"type":"if","locations":[{"start":{"line":7,"column":2},"end":{"line":9,"column":3}},{"start":{},"end":{}}],"line":7},"1":{"loc":{"start":{"line":12,"column":2},"end":{"line":14,"column":3}},"type":"if","locations":[{"start":{"line":12,"column":2},"end":{"line":14,"column":3}},{"start":{},"end":{}}],"line":12},"2":{"loc":{"start":{"line":24,"column":4},"end":{"line":27,"column":5}},"type":"if","locations":[{"start":{"line":24,"column":4},"end":{"line":27,"column":5}},{"start":{},"end":{}}],"line":24},"3":{"loc":{"start":{"line":24,"column":8},"end":{"line":24,"column":30}},"type":"binary-expr","locations":[{"start":{"line":24,"column":8},"end":{"line":24,"column":17}},{"start":{"line":24,"column":21},"end":{"line":24,"column":30}}],"line":24},"4":{"loc":{"start":{"line":40,"column":6},"end":{"line":47,"column":7}},"type":"if","locations":[{"start":{"line":40,"column":6},"end":{"line":47,"column":7}},{"start":{"line":45,"column":13},"end":{"line":47,"column":7}}],"line":40},"5":{"loc":{"start":{"line":59,"column":4},"end":{"line":63,"column":5}},"type":"if","locations":[{"start":{"line":59,"column":4},"end":{"line":63,"column":5}},{"start":{},"end":{}}],"line":59},"6":{"loc":{"start":{"line":69,"column":4},"end":{"line":72,"column":5}},"type":"if","locations":[{"start":{"line":69,"column":4},"end":{"line":72,"column":5}},{"start":{},"end":{}}],"line":69},"7":{"loc":{"start":{"line":91,"column":6},"end":{"line":97,"column":7}},"type":"if","locations":[{"start":{"line":91,"column":6},"end":{"line":97,"column":7}},{"start":{"line":95,"column":13},"end":{"line":97,"column":7}}],"line":91},"8":{"loc":{"start":{"line":96,"column":19},"end":{"line":96,"column":62}},"type":"binary-expr","locations":[{"start":{"line":96,"column":19},"end":{"line":96,"column":31}},{"start":{"line":96,"column":35},"end":{"line":96,"column":62}}],"line":96},"9":{"loc":{"start":{"line":107,"column":4},"end":{"line":111,"column":5}},"type":"if","locations":[{"start":{"line":107,"column":4},"end":{"line":111,"column":5}},{"start":{},"end":{}}],"line":107},"10":{"loc":{"start":{"line":124,"column":6},"end":{"line":137,"column":7}},"type":"if","locations":[{"start":{"line":124,"column":6},"end":{"line":137,"column":7}},{"start":{"line":135,"column":13},"end":{"line":137,"column":7}}],"line":124},"11":{"loc":{"start":{"line":136,"column":19},"end":{"line":136,"column":64}},"type":"binary-expr","locations":[{"start":{"line":136,"column":19},"end":{"line":136,"column":31}},{"start":{"line":136,"column":35},"end":{"line":136,"column":64}}],"line":136},"12":{"loc":{"start":{"line":152,"column":2},"end":{"line":154,"column":3}},"type":"if","locations":[{"start":{"line":152,"column":2},"end":{"line":154,"column":3}},{"start":{},"end":{}}],"line":152}},"s":{"0":1,"1":2,"2":2,"3":2,"4":0,"5":2,"6":2,"7":2,"8":2,"9":2,"10":2,"11":0,"12":0,"13":2,"14":2,"15":2,"16":2,"17":2,"18":2,"19":2,"20":0,"21":0,"22":0,"23":0,"24":0,"25":0,"26":0,"27":0,"28":0,"29":0,"30":0,"31":0,"32":0,"33":0,"34":0,"35":0,"36":0,"37":0,"38":0,"39":0,"40":0,"41":0,"42":0,"43":0,"44":0,"45":0,"46":0,"47":0,"48":0,"49":0,"50":0,"51":0,"52":0,"53":0,"54":0,"55":0,"56":0,"57":0,"58":0,"59":0,"60":0,"61":0,"62":0,"63":0,"64":0,"65":2,"66":0},"f":{"0":2,"1":2,"2":0,"3":0,"4":0,"5":0},"b":{"0":[0,2],"1":[2,0],"2":[0,2],"3":[2,2],"4":[2,0],"5":[0,0],"6":[0,0],"7":[0,0],"8":[0,0],"9":[0,0],"10":[0,0],"11":[0,0],"12":[0,2]},"_coverageSchema":"1a1c01bbd47fc00a2c39e90264f33305004495a9","hash":"fcef06e3dc5ae3f08ea4966b63694396d20ef078"}
}
