TN:
SF:script.js
FN:1,(anonymous_0)
FN:17,login
FN:55,bookAppointment
FN:105,fetchAppointments
FN:130,(anonymous_4)
FN:145,logout
FNF:6
FNH:2
FNDA:2,(anonymous_0)
FNDA:2,login
FNDA:0,bookAppointment
FNDA:0,fetchAppointments
FNDA:0,(anonymous_4)
FNDA:0,logout
DA:1,1
DA:3,2
DA:4,2
DA:7,2
DA:8,0
DA:12,2
DA:13,2
DA:18,2
DA:20,2
DA:21,2
DA:24,2
DA:25,0
DA:26,0
DA:29,2
DA:30,2
DA:38,2
DA:40,2
DA:42,2
DA:43,2
DA:44,2
DA:46,0
DA:49,0
DA:50,0
DA:56,0
DA:58,0
DA:59,0
DA:60,0
DA:61,0
DA:62,0
DA:65,0
DA:66,0
DA:69,0
DA:70,0
DA:71,0
DA:74,0
DA:79,0
DA:80,0
DA:89,0
DA:91,0
DA:92,0
DA:94,0
DA:96,0
DA:99,0
DA:100,0
DA:106,0
DA:107,0
DA:108,0
DA:109,0
DA:110,0
DA:113,0
DA:114,0
DA:122,0
DA:124,0
DA:126,0
DA:127,0
DA:130,0
DA:131,0
DA:132,0
DA:133,0
DA:136,0
DA:139,0
DA:140,0
DA:146,0
DA:147,0
DA:148,0
DA:152,2
DA:153,0
LF:67
LH:18
BRDA:7,0,0,0
BRDA:7,0,1,2
BRDA:12,1,0,2
BRDA:12,1,1,0
BRDA:24,2,0,0
BRDA:24,2,1,2
BRDA:24,3,0,2
BRDA:24,3,1,2
BRDA:40,4,0,2
BRDA:40,4,1,0
BRDA:59,5,0,0
BRDA:59,5,1,0
BRDA:69,6,0,0
BRDA:69,6,1,0
BRDA:91,7,0,0
BRDA:91,7,1,0
BRDA:96,8,0,0
BRDA:96,8,1,0
BRDA:107,9,0,0
BRDA:107,9,1,0
BRDA:124,10,0,0
BRDA:124,10,1,0
BRDA:136,11,0,0
BRDA:136,11,1,0
BRDA:152,12,0,0
BRDA:152,12,1,2
BRF:26
BRH:7
end_of_record
