{"C:\\Users\\Lenovo\\Desktop\\salonbooking\\backend\\app.js": {"path":"C:\\Users\\Lenovo\\Desktop\\salonbooking\\backend\\app.js","statementMap":{"0":{"start":{"line":1,"column":16},"end":{"line":1,"column":34}},"1":{"start":{"line":2,"column":19},"end":{"line":2,"column":41}},"2":{"start":{"line":3,"column":14},"end":{"line":3,"column":39}},"3":{"start":{"line":4,"column":15},"end":{"line":4,"column":34}},"4":{"start":{"line":5,"column":12},"end":{"line":5,"column":35}},"5":{"start":{"line":6,"column":15},"end":{"line":6,"column":32}},"6":{"start":{"line":7,"column":13},"end":{"line":7,"column":28}},"7":{"start":{"line":8,"column":13},"end":{"line":8,"column":28}},"8":{"start":{"line":10,"column":0},"end":{"line":10,"column":16}},"9":{"start":{"line":11,"column":12},"end":{"line":11,"column":21}},"10":{"start":{"line":12,"column":13},"end":{"line":12,"column":37}},"11":{"start":{"line":13,"column":19},"end":{"line":13,"column":62}},"12":{"start":{"line":15,"column":0},"end":{"line":15,"column":16}},"13":{"start":{"line":16,"column":0},"end":{"line":16,"column":24}},"14":{"start":{"line":17,"column":0},"end":{"line":17,"column":51}},"15":{"start":{"line":18,"column":0},"end":{"line":18,"column":27}},"16":{"start":{"line":21,"column":11},"end":{"line":29,"column":2}},"17":{"start":{"line":32,"column":0},"end":{"line":41,"column":1}},"18":{"start":{"line":33,"column":2},"end":{"line":40,"column":7}},"19":{"start":{"line":35,"column":6},"end":{"line":35,"column":63}},"20":{"start":{"line":36,"column":6},"end":{"line":36,"column":21}},"21":{"start":{"line":39,"column":6},"end":{"line":39,"column":64}},"22":{"start":{"line":44,"column":20},"end":{"line":56,"column":1}},"23":{"start":{"line":45,"column":21},"end":{"line":45,"column":49}},"24":{"start":{"line":46,"column":2},"end":{"line":48,"column":3}},"25":{"start":{"line":47,"column":4},"end":{"line":47,"column":84}},"26":{"start":{"line":50,"column":16},"end":{"line":50,"column":40}},"27":{"start":{"line":51,"column":2},"end":{"line":55,"column":5}},"28":{"start":{"line":52,"column":4},"end":{"line":52,"column":74}},"29":{"start":{"line":52,"column":13},"end":{"line":52,"column":74}},"30":{"start":{"line":53,"column":4},"end":{"line":53,"column":23}},"31":{"start":{"line":54,"column":4},"end":{"line":54,"column":11}},"32":{"start":{"line":59,"column":0},"end":{"line":71,"column":3}},"33":{"start":{"line":60,"column":33},"end":{"line":60,"column":41}},"34":{"start":{"line":61,"column":2},"end":{"line":61,"column":105}},"35":{"start":{"line":61,"column":30},"end":{"line":61,"column":105}},"36":{"start":{"line":63,"column":2},"end":{"line":70,"column":3}},"37":{"start":{"line":64,"column":27},"end":{"line":64,"column":58}},"38":{"start":{"line":65,"column":18},"end":{"line":65,"column":72}},"39":{"start":{"line":66,"column":21},"end":{"line":66,"column":72}},"40":{"start":{"line":67,"column":4},"end":{"line":67,"column":97}},"41":{"start":{"line":69,"column":4},"end":{"line":69,"column":78}},"42":{"start":{"line":74,"column":0},"end":{"line":94,"column":3}},"43":{"start":{"line":75,"column":33},"end":{"line":75,"column":41}},"44":{"start":{"line":76,"column":16},"end":{"line":76,"column":56}},"45":{"start":{"line":78,"column":2},"end":{"line":93,"column":3}},"46":{"start":{"line":79,"column":19},"end":{"line":79,"column":54}},"47":{"start":{"line":80,"column":4},"end":{"line":80,"column":102}},"48":{"start":{"line":80,"column":27},"end":{"line":80,"column":102}},"49":{"start":{"line":82,"column":17},"end":{"line":82,"column":24}},"50":{"start":{"line":83,"column":20},"end":{"line":83,"column":65}},"51":{"start":{"line":85,"column":4},"end":{"line":90,"column":5}},"52":{"start":{"line":86,"column":20},"end":{"line":86,"column":103}},"53":{"start":{"line":87,"column":6},"end":{"line":87,"column":74}},"54":{"start":{"line":89,"column":6},"end":{"line":89,"column":65}},"55":{"start":{"line":92,"column":4},"end":{"line":92,"column":70}},"56":{"start":{"line":97,"column":0},"end":{"line":99,"column":3}},"57":{"start":{"line":98,"column":2},"end":{"line":98,"column":61}},"58":{"start":{"line":102,"column":0},"end":{"line":109,"column":3}},"59":{"start":{"line":103,"column":2},"end":{"line":108,"column":3}},"60":{"start":{"line":104,"column":19},"end":{"line":104,"column":65}},"61":{"start":{"line":105,"column":4},"end":{"line":105,"column":19}},"62":{"start":{"line":107,"column":4},"end":{"line":107,"column":83}},"63":{"start":{"line":112,"column":0},"end":{"line":125,"column":3}},"64":{"start":{"line":113,"column":40},"end":{"line":113,"column":48}},"65":{"start":{"line":114,"column":2},"end":{"line":114,"column":107}},"66":{"start":{"line":114,"column":37},"end":{"line":114,"column":107}},"67":{"start":{"line":116,"column":2},"end":{"line":124,"column":3}},"68":{"start":{"line":117,"column":21},"end":{"line":120,"column":5}},"69":{"start":{"line":121,"column":4},"end":{"line":121,"column":107}},"70":{"start":{"line":123,"column":4},"end":{"line":123,"column":82}},"71":{"start":{"line":128,"column":0},"end":{"line":128,"column":56}},"72":{"start":{"line":131,"column":0},"end":{"line":135,"column":1}},"73":{"start":{"line":132,"column":2},"end":{"line":134,"column":5}},"74":{"start":{"line":133,"column":4},"end":{"line":133,"column":67}},"75":{"start":{"line":138,"column":0},"end":{"line":138,"column":19}},"76":{"start":{"line":140,"column":0},"end":{"line":140,"column":21}}},"fnMap":{"0":{"name":"(anonymous_0)","decl":{"start":{"line":34,"column":10},"end":{"line":34,"column":11}},"loc":{"start":{"line":34,"column":20},"end":{"line":37,"column":5}},"line":34},"1":{"name":"(anonymous_1)","decl":{"start":{"line":38,"column":11},"end":{"line":38,"column":12}},"loc":{"start":{"line":38,"column":20},"end":{"line":40,"column":5}},"line":38},"2":{"name":"(anonymous_2)","decl":{"start":{"line":44,"column":20},"end":{"line":44,"column":21}},"loc":{"start":{"line":44,"column":40},"end":{"line":56,"column":1}},"line":44},"3":{"name":"(anonymous_3)","decl":{"start":{"line":51,"column":32},"end":{"line":51,"column":33}},"loc":{"start":{"line":51,"column":50},"end":{"line":55,"column":3}},"line":51},"4":{"name":"(anonymous_4)","decl":{"start":{"line":59,"column":22},"end":{"line":59,"column":23}},"loc":{"start":{"line":59,"column":42},"end":{"line":71,"column":1}},"line":59},"5":{"name":"(anonymous_5)","decl":{"start":{"line":74,"column":19},"end":{"line":74,"column":20}},"loc":{"start":{"line":74,"column":39},"end":{"line":94,"column":1}},"line":74},"6":{"name":"(anonymous_6)","decl":{"start":{"line":97,"column":13},"end":{"line":97,"column":14}},"loc":{"start":{"line":97,"column":27},"end":{"line":99,"column":1}},"line":97},"7":{"name":"(anonymous_7)","decl":{"start":{"line":102,"column":38},"end":{"line":102,"column":39}},"loc":{"start":{"line":102,"column":58},"end":{"line":109,"column":1}},"line":102},"8":{"name":"(anonymous_8)","decl":{"start":{"line":112,"column":39},"end":{"line":112,"column":40}},"loc":{"start":{"line":112,"column":59},"end":{"line":125,"column":1}},"line":112},"9":{"name":"(anonymous_9)","decl":{"start":{"line":132,"column":19},"end":{"line":132,"column":20}},"loc":{"start":{"line":132,"column":25},"end":{"line":134,"column":3}},"line":132}},"branchMap":{"0":{"loc":{"start":{"line":12,"column":13},"end":{"line":12,"column":37}},"type":"binary-expr","locations":[{"start":{"line":12,"column":13},"end":{"line":12,"column":29}},{"start":{"line":12,"column":33},"end":{"line":12,"column":37}}],"line":12},"1":{"loc":{"start":{"line":13,"column":19},"end":{"line":13,"column":62}},"type":"binary-expr","locations":[{"start":{"line":13,"column":19},"end":{"line":13,"column":41}},{"start":{"line":13,"column":45},"end":{"line":13,"column":62}}],"line":13},"2":{"loc":{"start":{"line":32,"column":0},"end":{"line":41,"column":1}},"type":"if","locations":[{"start":{"line":32,"column":0},"end":{"line":41,"column":1}},{"start":{},"end":{}}],"line":32},"3":{"loc":{"start":{"line":46,"column":2},"end":{"line":48,"column":3}},"type":"if","locations":[{"start":{"line":46,"column":2},"end":{"line":48,"column":3}},{"start":{},"end":{}}],"line":46},"4":{"loc":{"start":{"line":46,"column":6},"end":{"line":46,"column":54}},"type":"binary-expr","locations":[{"start":{"line":46,"column":6},"end":{"line":46,"column":17}},{"start":{"line":46,"column":21},"end":{"line":46,"column":54}}],"line":46},"5":{"loc":{"start":{"line":52,"column":4},"end":{"line":52,"column":74}},"type":"if","locations":[{"start":{"line":52,"column":4},"end":{"line":52,"column":74}},{"start":{},"end":{}}],"line":52},"6":{"loc":{"start":{"line":61,"column":2},"end":{"line":61,"column":105}},"type":"if","locations":[{"start":{"line":61,"column":2},"end":{"line":61,"column":105}},{"start":{},"end":{}}],"line":61},"7":{"loc":{"start":{"line":61,"column":6},"end":{"line":61,"column":28}},"type":"binary-expr","locations":[{"start":{"line":61,"column":6},"end":{"line":61,"column":15}},{"start":{"line":61,"column":19},"end":{"line":61,"column":28}}],"line":61},"8":{"loc":{"start":{"line":80,"column":4},"end":{"line":80,"column":102}},"type":"if","locations":[{"start":{"line":80,"column":4},"end":{"line":80,"column":102}},{"start":{},"end":{}}],"line":80},"9":{"loc":{"start":{"line":85,"column":4},"end":{"line":90,"column":5}},"type":"if","locations":[{"start":{"line":85,"column":4},"end":{"line":90,"column":5}},{"start":{"line":88,"column":11},"end":{"line":90,"column":5}}],"line":85},"10":{"loc":{"start":{"line":114,"column":2},"end":{"line":114,"column":107}},"type":"if","locations":[{"start":{"line":114,"column":2},"end":{"line":114,"column":107}},{"start":{},"end":{}}],"line":114},"11":{"loc":{"start":{"line":114,"column":6},"end":{"line":114,"column":35}},"type":"binary-expr","locations":[{"start":{"line":114,"column":6},"end":{"line":114,"column":14}},{"start":{"line":114,"column":18},"end":{"line":114,"column":35}}],"line":114},"12":{"loc":{"start":{"line":131,"column":0},"end":{"line":135,"column":1}},"type":"if","locations":[{"start":{"line":131,"column":0},"end":{"line":135,"column":1}},{"start":{},"end":{}}],"line":131}},"s":{"0":1,"1":1,"2":1,"3":1,"4":1,"5":1,"6":1,"7":1,"8":1,"9":1,"10":1,"11":1,"12":1,"13":1,"14":1,"15":1,"16":1,"17":1,"18":0,"19":0,"20":0,"21":0,"22":1,"23":4,"24":4,"25":1,"26":3,"27":3,"28":3,"29":1,"30":2,"31":2,"32":1,"33":2,"34":2,"35":0,"36":2,"37":2,"38":2,"39":2,"40":2,"41":0,"42":1,"43":2,"44":2,"45":2,"46":2,"47":2,"48":0,"49":2,"50":2,"51":2,"52":2,"53":2,"54":0,"55":0,"56":1,"57":0,"58":1,"59":1,"60":1,"61":1,"62":0,"63":1,"64":1,"65":1,"66":0,"67":1,"68":1,"69":1,"70":0,"71":1,"72":1,"73":0,"74":0,"75":1,"76":1},"f":{"0":0,"1":0,"2":4,"3":3,"4":2,"5":2,"6":0,"7":1,"8":1,"9":0},"b":{"0":[1,1],"1":[1,0],"2":[0,1],"3":[1,3],"4":[4,3],"5":[1,2],"6":[0,2],"7":[2,2],"8":[0,2],"9":[2,0],"10":[0,1],"11":[1,1],"12":[0,1]},"_coverageSchema":"1a1c01bbd47fc00a2c39e90264f33305004495a9","hash":"a5b9aacda6c1fd08ccdb10e26b20c6de9d73cd4d"}
,"C:\\Users\\Lenovo\\Desktop\\salonbooking\\backend\\db.js": {"path":"C:\\Users\\Lenovo\\Desktop\\salonbooking\\backend\\db.js","statementMap":{"0":{"start":{"line":1,"column":14},"end":{"line":1,"column":31}},"1":{"start":{"line":4,"column":13},"end":{"line":12,"column":2}},"2":{"start":{"line":15,"column":20},"end":{"line":15,"column":34}},"3":{"start":{"line":18,"column":0},"end":{"line":18,"column":29}}},"fnMap":{},"branchMap":{},"s":{"0":1,"1":1,"2":1,"3":1},"f":{},"b":{},"_coverageSchema":"1a1c01bbd47fc00a2c39e90264f33305004495a9","hash":"b3f58e957be2649e2f31aa6185b018af049f029d"}
}
