TN:
SF:app.js
FN:34,(anonymous_0)
FN:38,(anonymous_1)
FN:44,(anonymous_2)
FN:51,(anonymous_3)
FN:59,(anonymous_4)
FN:74,(anonymous_5)
FN:97,(anonymous_6)
FN:102,(anonymous_7)
FN:112,(anonymous_8)
FN:132,(anonymous_9)
FNF:10
FNH:6
FNDA:0,(anonymous_0)
FNDA:0,(anonymous_1)
FNDA:4,(anonymous_2)
FNDA:3,(anonymous_3)
FNDA:2,(anonymous_4)
FNDA:2,(anonymous_5)
FNDA:0,(anonymous_6)
FNDA:1,(anonymous_7)
FNDA:1,(anonymous_8)
FNDA:0,(anonymous_9)
DA:1,1
DA:2,1
DA:3,1
DA:4,1
DA:5,1
DA:6,1
DA:7,1
DA:8,1
DA:10,1
DA:11,1
DA:12,1
DA:13,1
DA:15,1
DA:16,1
DA:17,1
DA:18,1
DA:21,1
DA:32,1
DA:33,0
DA:35,0
DA:36,0
DA:39,0
DA:44,1
DA:45,4
DA:46,4
DA:47,1
DA:50,3
DA:51,3
DA:52,3
DA:53,2
DA:54,2
DA:59,1
DA:60,2
DA:61,2
DA:63,2
DA:64,2
DA:65,2
DA:66,2
DA:67,2
DA:69,0
DA:74,1
DA:75,2
DA:76,2
DA:78,2
DA:79,2
DA:80,2
DA:82,2
DA:83,2
DA:85,2
DA:86,2
DA:87,2
DA:89,0
DA:92,0
DA:97,1
DA:98,0
DA:102,1
DA:103,1
DA:104,1
DA:105,1
DA:107,0
DA:112,1
DA:113,1
DA:114,1
DA:116,1
DA:117,1
DA:121,1
DA:123,0
DA:128,1
DA:131,1
DA:132,0
DA:133,0
DA:138,1
DA:140,1
LF:73
LH:61
BRDA:12,0,0,1
BRDA:12,0,1,1
BRDA:13,1,0,1
BRDA:13,1,1,0
BRDA:32,2,0,0
BRDA:32,2,1,1
BRDA:46,3,0,1
BRDA:46,3,1,3
BRDA:46,4,0,4
BRDA:46,4,1,3
BRDA:52,5,0,1
BRDA:52,5,1,2
BRDA:61,6,0,0
BRDA:61,6,1,2
BRDA:61,7,0,2
BRDA:61,7,1,2
BRDA:80,8,0,0
BRDA:80,8,1,2
BRDA:85,9,0,2
BRDA:85,9,1,0
BRDA:114,10,0,0
BRDA:114,10,1,1
BRDA:114,11,0,1
BRDA:114,11,1,1
BRDA:131,12,0,0
BRDA:131,12,1,1
BRF:26
BRH:19
end_of_record
TN:
SF:db.js
FNF:0
FNH:0
DA:1,1
DA:4,1
DA:15,1
DA:18,1
LF:4
LH:4
BRF:0
BRH:0
end_of_record
