TN:
SF:backend\app.js
FN:32,(anonymous_0)
FN:42,(anonymous_1)
FN:49,(anonymous_2)
FN:57,(anonymous_3)
FN:64,(anonymous_4)
FN:74,(anonymous_5)
FN:78,(anonymous_6)
FN:99,(anonymous_7)
FN:104,(anonymous_8)
FN:105,(anonymous_9)
FN:112,(anonymous_10)
FN:119,(anonymous_11)
FN:128,(anonymous_12)
FNF:13
FNH:7
FNDA:1,(anonymous_0)
FNDA:4,(anonymous_1)
FNDA:3,(anonymous_2)
FNDA:2,(anonymous_3)
FNDA:2,(anonymous_4)
FNDA:2,(anonymous_5)
FNDA:2,(anonymous_6)
FNDA:0,(anonymous_7)
FNDA:0,(anonymous_8)
FNDA:0,(anonymous_9)
FNDA:0,(anonymous_10)
FNDA:0,(anonymous_11)
FNDA:0,(anonymous_12)
DA:1,1
DA:2,1
DA:3,1
DA:4,1
DA:5,1
DA:6,1
DA:7,1
DA:8,1
DA:10,1
DA:11,1
DA:12,1
DA:13,1
DA:15,1
DA:16,1
DA:17,1
DA:18,1
DA:21,1
DA:32,1
DA:33,1
DA:34,1
DA:36,0
DA:37,0
DA:42,1
DA:43,4
DA:44,4
DA:45,1
DA:48,3
DA:49,3
DA:50,3
DA:51,0
DA:52,0
DA:57,1
DA:58,2
DA:59,2
DA:61,2
DA:62,2
DA:63,2
DA:64,2
DA:65,2
DA:66,0
DA:69,0
DA:74,1
DA:75,2
DA:76,2
DA:78,2
DA:79,2
DA:80,0
DA:82,0
DA:83,0
DA:85,0
DA:86,0
DA:87,0
DA:89,0
DA:96,1
DA:99,1
DA:100,0
DA:104,1
DA:105,0
DA:106,0
DA:107,0
DA:112,1
DA:113,0
DA:114,0
DA:116,0
DA:120,0
DA:121,0
DA:127,1
DA:128,0
DA:129,0
DA:133,1
LF:70
LH:46
BRDA:12,0,0,1
BRDA:12,0,1,1
BRDA:13,1,0,1
BRDA:13,1,1,1
BRDA:33,2,0,1
BRDA:33,2,1,0
BRDA:44,3,0,1
BRDA:44,3,1,3
BRDA:44,4,0,4
BRDA:44,4,1,3
BRDA:50,5,0,3
BRDA:50,5,1,0
BRDA:59,6,0,0
BRDA:59,6,1,2
BRDA:59,7,0,2
BRDA:59,7,1,2
BRDA:65,8,0,2
BRDA:65,8,1,0
BRDA:79,9,0,2
BRDA:79,9,1,0
BRDA:80,10,0,0
BRDA:80,10,1,0
BRDA:85,11,0,0
BRDA:85,11,1,0
BRDA:106,12,0,0
BRDA:106,12,1,0
BRDA:114,13,0,0
BRDA:114,13,1,0
BRDA:114,14,0,0
BRDA:114,14,1,0
BRDA:120,15,0,0
BRDA:120,15,1,0
BRDA:127,16,0,0
BRDA:127,16,1,1
BRF:34
BRH:16
end_of_record
